<?xml version="1.0" encoding="UTF-8"?>
<testsuite name="com.kodilla.stream.forum.portfolio.BoardTestSuite" tests="5" skipped="0" failures="0" errors="0" timestamp="2019-06-28T21:12:17" hostname="DESKTOP-F1GA1GH" time="0.073">
  <properties/>
  <testcase name="testAddTaskList" classname="com.kodilla.stream.forum.portfolio.BoardTestSuite" time="0.019"/>
  <testcase name="testAddTaskListAverageWorkingOnTask" classname="com.kodilla.stream.forum.portfolio.BoardTestSuite" time="0.047"/>
  <testcase name="testAddTaskListFindUsersTasks" classname="com.kodilla.stream.forum.portfolio.BoardTestSuite" time="0.002"/>
  <testcase name="testAddTaskListFindLongTasks" classname="com.kodilla.stream.forum.portfolio.BoardTestSuite" time="0.001"/>
  <testcase name="testAddTaskListFindOutdatedTasks" classname="com.kodilla.stream.forum.portfolio.BoardTestSuite" time="0.001"/>
  <system-out><![CDATA[10.0]]></system-out>
  <system-err><![CDATA[]]></system-err>
</testsuite>
