<?xml version="1.0" encoding="UTF-8"?>
<testsuite name="com.kodilla.stream.forum.invoice.simple.SimpleInvoiceTestSuite" tests="1" skipped="0" failures="0" errors="0" timestamp="2019-06-28T21:12:17" hostname="DESKTOP-F1GA1GH" time="0.005">
  <properties/>
  <testcase name="testGetValueToPay" classname="com.kodilla.stream.forum.invoice.simple.SimpleInvoiceTestSuite" time="0.005"/>
  <system-out><![CDATA[]]></system-out>
  <system-err><![CDATA[]]></system-err>
</testsuite>
