<?xml version="1.0" encoding="UTF-8"?>
<testsuite name="com.kodilla.stream.forum.sand.SandStorageTestSuite" tests="2" skipped="0" failures="0" errors="0" timestamp="2019-06-16T20:16:05" hostname="DESKTOP-F1GA1GH" time="0.004">
  <properties/>
  <testcase name="testGetSandBeansQuantity" classname="com.kodilla.stream.forum.sand.SandStorageTestSuite" time="0.002"/>
  <testcase name="testGetSandBeansQuantityWithReduce" classname="com.kodilla.stream.forum.sand.SandStorageTestSuite" time="0.002"/>
  <system-out><![CDATA[]]></system-out>
  <system-err><![CDATA[]]></system-err>
</testsuite>
