<?xml version="1.0" encoding="UTF-8"?>
<testsuite name="com.kodilla.spring.reader.ReaderTestSuite" tests="2" skipped="0" failures="0" errors="0" timestamp="2019-06-28T21:12:09" hostname="DESKTOP-F1GA1GH" time="0.043">
  <properties/>
  <testcase name="testRead" classname="com.kodilla.spring.reader.ReaderTestSuite" time="0.021"/>
  <testcase name="testConditional" classname="com.kodilla.spring.reader.ReaderTestSuite" time="0.022"/>
  <system-out><![CDATA[2019-06-28 23:12:09.585  INFO 18668 --- [    Test worker] s.c.a.AnnotationConfigApplicationContext : Refreshing org.springframework.context.annotation.AnnotationConfigApplicationContext@339c83ac: startup date [Fri Jun 28 23:12:09 CEST 2019]; root of context hierarchy
Reading: The book number one
2019-06-28 23:12:09.601  INFO 18668 --- [    Test worker] s.c.a.AnnotationConfigApplicationContext : Refreshing org.springframework.context.annotation.AnnotationConfigApplicationContext@1572d7a6: startup date [Fri Jun 28 23:12:09 CEST 2019]; root of context hierarchy
Bean book2 was found in the container: false
]]></system-out>
  <system-err><![CDATA[]]></system-err>
</testsuite>
