<?xml version="1.0" encoding="UTF-8"?>
<testsuite name="com.kodilla.spring.potfolio.BoardTestSuite" tests="1" skipped="0" failures="0" errors="0" timestamp="2019-06-16T20:15:58" hostname="DESKTOP-F1GA1GH" time="0.023">
  <properties/>
  <testcase name="testTaskAdd" classname="com.kodilla.spring.potfolio.BoardTestSuite" time="0.023"/>
  <system-out><![CDATA[2019-06-16 22:15:58.877  INFO 6924 --- [    Test worker] .b.t.c.SpringBootTestContextBootstrapper : Neither @ContextConfiguration nor @ContextHierarchy found for test class [com.kodilla.spring.potfolio.BoardTestSuite], using SpringBootContextLoader
2019-06-16 22:15:58.878  INFO 6924 --- [    Test worker] o.s.t.c.support.AbstractContextLoader    : Could not detect default resource locations for test class [com.kodilla.spring.potfolio.BoardTestSuite]: no resource found for suffixes {-context.xml, Context.groovy}.
2019-06-16 22:15:58.878  INFO 6924 --- [    Test worker] t.c.s.AnnotationConfigContextLoaderUtils : Could not detect default configuration classes for test class [com.kodilla.spring.potfolio.BoardTestSuite]: BoardTestSuite does not declare any static, non-private, non-final, nested classes annotated with @Configuration.
2019-06-16 22:15:58.884  INFO 6924 --- [    Test worker] .b.t.c.SpringBootTestContextBootstrapper : Found @SpringBootConfiguration com.kodilla.spring.SpringRunner for test class com.kodilla.spring.potfolio.BoardTestSuite
2019-06-16 22:15:58.885  INFO 6924 --- [    Test worker] .b.t.c.SpringBootTestContextBootstrapper : Loaded default TestExecutionListener class names from location [META-INF/spring.factories]: [org.springframework.boot.test.autoconfigure.restdocs.RestDocsTestExecutionListener, org.springframework.boot.test.autoconfigure.web.client.MockRestServiceServerResetTestExecutionListener, org.springframework.boot.test.autoconfigure.web.servlet.MockMvcPrintOnlyOnFailureTestExecutionListener, org.springframework.boot.test.autoconfigure.web.servlet.WebDriverTestExecutionListener, org.springframework.boot.test.mock.mockito.MockitoTestExecutionListener, org.springframework.boot.test.mock.mockito.ResetMocksTestExecutionListener, org.springframework.test.context.web.ServletTestExecutionListener, org.springframework.test.context.support.DirtiesContextBeforeModesTestExecutionListener, org.springframework.test.context.support.DependencyInjectionTestExecutionListener, org.springframework.test.context.support.DirtiesContextTestExecutionListener, org.springframework.test.context.transaction.TransactionalTestExecutionListener, org.springframework.test.context.jdbc.SqlScriptsTestExecutionListener]
2019-06-16 22:15:58.886  INFO 6924 --- [    Test worker] .b.t.c.SpringBootTestContextBootstrapper : Using TestExecutionListeners: [org.springframework.test.context.support.DirtiesContextBeforeModesTestExecutionListener@e42029b, org.springframework.boot.test.mock.mockito.MockitoTestExecutionListener@3b5b5875, org.springframework.boot.test.autoconfigure.SpringBootDependencyInjectionTestExecutionListener@1f9f737, org.springframework.test.context.support.DirtiesContextTestExecutionListener@b15d943, org.springframework.boot.test.autoconfigure.restdocs.RestDocsTestExecutionListener@155d5460, org.springframework.boot.test.autoconfigure.web.client.MockRestServiceServerResetTestExecutionListener@74a43e4e, org.springframework.boot.test.autoconfigure.web.servlet.MockMvcPrintOnlyOnFailureTestExecutionListener@3aaa3fa2, org.springframework.boot.test.autoconfigure.web.servlet.WebDriverTestExecutionListener@1fd02675, org.springframework.boot.test.mock.mockito.ResetMocksTestExecutionListener@60d19fbb]
2019-06-16 22:15:58.890  INFO 6924 --- [    Test worker] s.c.a.AnnotationConfigApplicationContext : Refreshing org.springframework.context.annotation.AnnotationConfigApplicationContext@5eeef596: startup date [Sun Jun 16 22:15:58 CEST 2019]; root of context hierarchy
zadanie do wykonania
zadanie w trakcie wyknania
zadanie wykonane
]]></system-out>
  <system-err><![CDATA[]]></system-err>
</testsuite>
