<?xml version="1.0" encoding="UTF-8"?>
<testsuite name="com.kodilla.testing.forum.statistics.TestStatisticsMock" tests="8" skipped="0" failures="0" errors="0" timestamp="2019-06-16T20:16:07" hostname="DESKTOP-F1GA1GH" time="0.119">
  <properties/>
  <testcase name="testCommentsIsZero" classname="com.kodilla.testing.forum.statistics.TestStatisticsMock" time="0.11"/>
  <testcase name="testcalculateAdvStatistics" classname="com.kodilla.testing.forum.statistics.TestStatisticsMock" time="0.001"/>
  <testcase name="testPostsAreMoreThanComments" classname="com.kodilla.testing.forum.statistics.TestStatisticsMock" time="0.002"/>
  <testcase name="testUsersAreZero" classname="com.kodilla.testing.forum.statistics.TestStatisticsMock" time="0.001"/>
  <testcase name="testPostIs1000" classname="com.kodilla.testing.forum.statistics.TestStatisticsMock" time="0.001"/>
  <testcase name="testPostIsZero" classname="com.kodilla.testing.forum.statistics.TestStatisticsMock" time="0.001"/>
  <testcase name="testFor100Users" classname="com.kodilla.testing.forum.statistics.TestStatisticsMock" time="0.001"/>
  <testcase name="testCommentsAreMoreThanPost" classname="com.kodilla.testing.forum.statistics.TestStatisticsMock" time="0.001"/>
  <system-out><![CDATA[This is the beginning of tests.

Preparing to execute test #1
This is test for 0 comments.
Calculated statistical data:
Number of users: 100
Number of post: 1000
Number of comments: 0
Number of posts per users: 10.0
Number of comments per users: 0.0
Number of comments per posts: 0.0

Preparing to execute test #2
This is a general test: 
Calculated statistical data:
Number of users: 100
Number of post: 100
Number of comments: 1000
Number of posts per users: 1.0
Number of comments per users: 10.0
Number of comments per posts: 10.0

Preparing to execute test #3
This is test for number of comments < number of posts.
Calculated statistical data:
Number of users: 100
Number of post: 500
Number of comments: 100
Number of posts per users: 5.0
Number of comments per users: 1.0
Number of comments per posts: 0.2

Preparing to execute test #4
This is test for users = 0
Calculated statistical data:
Number of users: 0
Number of post: 500
Number of comments: 100
Number of posts per users: 0.0
Number of comments per users: 0.0
Number of comments per posts: 0.2

Preparing to execute test #5
This is test for 1000 posts.
Calculated statistical data:
Number of users: 100
Number of post: 1000
Number of comments: 1000
Number of posts per users: 10.0
Number of comments per users: 10.0
Number of comments per posts: 1.0

Preparing to execute test #6
This is test for 0 posts.
Calculated statistical data:
Number of users: 100
Number of post: 0
Number of comments: 1000
Number of posts per users: 0.0
Number of comments per users: 10.0
Number of comments per posts: 0.0

Preparing to execute test #7
This is test for users = 100
Calculated statistical data:
Number of users: 100
Number of post: 500
Number of comments: 100
Number of posts per users: 5.0
Number of comments per users: 1.0
Number of comments per posts: 0.2

Preparing to execute test #8
This is test for number of comments > number of posts.
Calculated statistical data:
Number of users: 100
Number of post: 100
Number of comments: 500
Number of posts per users: 1.0
Number of comments per users: 5.0
Number of comments per posts: 5.0

All tests are finished.
]]></system-out>
  <system-err><![CDATA[]]></system-err>
</testsuite>
