<?xml version="1.0" encoding="UTF-8"?>
<testsuite name="com.kodilla.testing.forum.collection.shape.ShapeCollectorTestSuite" tests="4" skipped="0" failures="0" errors="0" timestamp="2019-06-28T21:12:19" hostname="DESKTOP-F1GA1GH" time="0.003">
  <properties/>
  <testcase name="testShowFigures" classname="com.kodilla.testing.forum.collection.shape.ShapeCollectorTestSuite" time="0.002"/>
  <testcase name="testRemoveFigure" classname="com.kodilla.testing.forum.collection.shape.ShapeCollectorTestSuite" time="0.0"/>
  <testcase name="testAddFigure" classname="com.kodilla.testing.forum.collection.shape.ShapeCollectorTestSuite" time="0.0"/>
  <testcase name="testGetFigure" classname="com.kodilla.testing.forum.collection.shape.ShapeCollectorTestSuite" time="0.0"/>
  <system-out><![CDATA[This is the beginning of tests.
Preparing to execute test :1
The size of the collection of figures is: 3

Preparing to execute test :2
The size of the collection of figures is: 0

Preparing to execute test :3
The size of the collection of figures is: 1

Preparing to execute test :4

All tests are finished.
]]></system-out>
  <system-err><![CDATA[]]></system-err>
</testsuite>
