<?xml version="1.0" encoding="UTF-8"?>
<testsuite name="com.kodilla.patterns.singleton.library.LibraryTestSuite" tests="1" skipped="0" failures="0" errors="0" timestamp="2019-04-04T19:27:36" hostname="DESKTOP-F1GA1GH" time="0.034">
  <properties/>
  <testcase name="testToString" classname="com.kodilla.patterns.singleton.library.LibraryTestSuite" time="0.034"/>
  <system-out><![CDATA[Book{title='Book3', author='author3', publicationDate=2002-01-04}
Book{title='Book5', author='author5', publicationDate=2004-01-06}
Book{title='Book2', author='author2', publicationDate=2001-01-03}
Book{title='Book4', author='author4', publicationDate=2003-01-05}
Book{title='Book1', author='author1', publicationDate=2000-01-02}

Book{title='Book3', author='author3', publicationDate=2002-01-04}
Book{title='Book5', author='author5', publicationDate=2004-01-06}
Book{title='Book2', author='author2', publicationDate=2001-01-03}
Book{title='Book4', author='author4', publicationDate=2003-01-05}
Book{title='Book1', author='author1', publicationDate=2000-01-02}

Book{title='Book4', author='author4', publicationDate=2003-01-05}
Book{title='Book3', author='author3', publicationDate=2002-01-04}
Book{title='Book1', author='author1', publicationDate=2000-01-02}
Book{title='Book5', author='author5', publicationDate=2004-01-06}
Book{title='Book2', author='author2', publicationDate=2001-01-03}

]]></system-out>
  <system-err><![CDATA[]]></system-err>
</testsuite>
