<?xml version="1.0" encoding="UTF-8"?>
<testsuite name="com.kodilla.patterns.singleton.builder.pizza.PizzaTestSuite" tests="1" skipped="0" failures="0" errors="0" timestamp="2019-04-04T19:27:36" hostname="DESKTOP-F1GA1GH" time="0.001">
  <properties/>
  <testcase name="testPizzaNew" classname="com.kodilla.patterns.singleton.builder.pizza.PizzaTestSuite" time="0.001"/>
  <system-out><![CDATA[Pizza{bottom='Thin', sauce='Spicy', ingredients=[Onion, Ham, Mushrooms]}
]]></system-out>
  <system-err><![CDATA[]]></system-err>
</testsuite>
