<?xml version="1.0" encoding="UTF-8"?>
<testsuite name="com.kodilla.patterns.singleton.LoggerTestSuite" tests="1" skipped="0" failures="0" errors="0" timestamp="2019-06-28T21:12:01" hostname="DESKTOP-F1GA1GH" time="0.0">
  <properties/>
  <testcase name="testGetNameLogger" classname="com.kodilla.patterns.singleton.LoggerTestSuite" time="0.0"/>
  <system-out><![CDATA[Log: [event1]
Log: [event2]
Log: [event3]
Logger : event3
]]></system-out>
  <system-err><![CDATA[]]></system-err>
</testsuite>
