<?xml version="1.0" encoding="UTF-8"?>
<testsuite name="com.kodilla.patterns.singleton.strategy.UserTestSuite" tests="2" skipped="0" failures="0" errors="0" timestamp="2019-06-28T21:12:01" hostname="DESKTOP-F1GA1GH" time="0.002">
  <properties/>
  <testcase name="testDefaultSharingStrategies" classname="com.kodilla.patterns.singleton.strategy.UserTestSuite" time="0.002"/>
  <testcase name="testIndividualSharingStrategy" classname="com.kodilla.patterns.singleton.strategy.UserTestSuite" time="0.0"/>
  <system-out><![CDATA[Mariola uses Snapchat
Jan uses Twitter
MikoĹ‚aj uses Facebook

Mariola uses Snapchat
Now Mariola uses Facebook
]]></system-out>
  <system-err><![CDATA[]]></system-err>
</testsuite>
