<?xml version="1.0" encoding="UTF-8"?>
<testsuite name="com.kodilla.patterns.singleton.factory.tasks.TaskFactoryTestSuite" tests="3" skipped="0" failures="0" errors="0" timestamp="2019-06-28T21:12:01" hostname="DESKTOP-F1GA1GH" time="0.003">
  <properties/>
  <testcase name="testShoppingTask" classname="com.kodilla.patterns.singleton.factory.tasks.TaskFactoryTestSuite" time="0.002"/>
  <testcase name="testDrivingTask" classname="com.kodilla.patterns.singleton.factory.tasks.TaskFactoryTestSuite" time="0.001"/>
  <testcase name="testPaintingTask" classname="com.kodilla.patterns.singleton.factory.tasks.TaskFactoryTestSuite" time="0.0"/>
  <system-out><![CDATA[]]></system-out>
  <system-err><![CDATA[]]></system-err>
</testsuite>
