<?xml version="1.0" encoding="UTF-8"?>
<testsuite name="com.kodilla.patterns2.decorator.taxiportal.PizzaOrderTestSuite" tests="6" skipped="0" failures="0" errors="0" timestamp="2019-06-28T21:12:04" hostname="DESKTOP-F1GA1GH" time="0.004">
  <properties/>
  <testcase name="testPizzaOrderWithSeveralIngredientsGetDescription" classname="com.kodilla.patterns2.decorator.taxiportal.PizzaOrderTestSuite" time="0.003"/>
  <testcase name="testPizzaOrderWithSeveralIngredientsGetCost" classname="com.kodilla.patterns2.decorator.taxiportal.PizzaOrderTestSuite" time="0.0"/>
  <testcase name="testBasicPizzaOrderGetDescription" classname="com.kodilla.patterns2.decorator.taxiportal.PizzaOrderTestSuite" time="0.001"/>
  <testcase name="testPizzaOrderWithHamGetDescription" classname="com.kodilla.patterns2.decorator.taxiportal.PizzaOrderTestSuite" time="0.0"/>
  <testcase name="testPizzaOrderWithHamGetCost" classname="com.kodilla.patterns2.decorator.taxiportal.PizzaOrderTestSuite" time="0.0"/>
  <testcase name="testBasicPizzaOrderGetCost" classname="com.kodilla.patterns2.decorator.taxiportal.PizzaOrderTestSuite" time="0.0"/>
  <system-out><![CDATA[Pizza with dough, tomatoes souce, cheese, ham, mushrooms, pepper, corn
]]></system-out>
  <system-err><![CDATA[]]></system-err>
</testsuite>
