<?xml version="1.0" encoding="UTF-8"?>
<testsuite name="com.kodilla.patterns2.adapter.company.SalaryAdapterTestSuite" tests="1" skipped="0" failures="0" errors="0" timestamp="2019-06-16T20:15:52" hostname="DESKTOP-F1GA1GH" time="0.003">
  <properties/>
  <testcase name="testTotalSalary" classname="com.kodilla.patterns2.adapter.company.SalaryAdapterTestSuite" time="0.003"/>
  <system-out><![CDATA[Employee{peselId='67032906720', firstName='John', lastName='Smith', baseSalary=4500}
Employee{peselId='62081612187', firstName='Ivone', lastName='Novak', baseSalary=3700}
Employee{peselId='75021310799', firstName='Jessie', lastName='Pinkman', baseSalary=4350}
Employee{peselId='75012200766', firstName='Walter', lastName='White', baseSalary=9000}
Employee{peselId='75073006831', firstName='clara', lastName='Lanson', baseSalary=6200}
27750.0
]]></system-out>
  <system-err><![CDATA[]]></system-err>
</testsuite>
