<?xml version="1.0" encoding="UTF-8"?>
<testsuite name="com.kodilla.patterns2.KodillaPatterns2ApplicationTests" tests="1" skipped="0" failures="0" errors="0" timestamp="2019-06-28T21:12:04" hostname="DESKTOP-F1GA1GH" time="0.002">
  <properties/>
  <testcase name="contextLoads" classname="com.kodilla.patterns2.KodillaPatterns2ApplicationTests" time="0.002"/>
  <system-out><![CDATA[2019-06-28 23:12:04.846  INFO 18680 --- [    Test worker] .b.t.c.SpringBootTestContextBootstrapper : Neither @ContextConfiguration nor @ContextHierarchy found for test class [com.kodilla.patterns2.KodillaPatterns2ApplicationTests], using SpringBootContextLoader
2019-06-28 23:12:04.846  INFO 18680 --- [    Test worker] o.s.t.c.support.AbstractContextLoader    : Could not detect default resource locations for test class [com.kodilla.patterns2.KodillaPatterns2ApplicationTests]: no resource found for suffixes {-context.xml, Context.groovy}.
2019-06-28 23:12:04.846  INFO 18680 --- [    Test worker] t.c.s.AnnotationConfigContextLoaderUtils : Could not detect default configuration classes for test class [com.kodilla.patterns2.KodillaPatterns2ApplicationTests]: KodillaPatterns2ApplicationTests does not declare any static, non-private, non-final, nested classes annotated with @Configuration.
2019-06-28 23:12:04.846  INFO 18680 --- [    Test worker] .b.t.c.SpringBootTestContextBootstrapper : Found @SpringBootConfiguration com.kodilla.patterns2.KodillaPatterns2Application for test class com.kodilla.patterns2.KodillaPatterns2ApplicationTests
2019-06-28 23:12:04.862  INFO 18680 --- [    Test worker] .b.t.c.SpringBootTestContextBootstrapper : Loaded default TestExecutionListener class names from location [META-INF/spring.factories]: [org.springframework.boot.test.autoconfigure.restdocs.RestDocsTestExecutionListener, org.springframework.boot.test.autoconfigure.web.client.MockRestServiceServerResetTestExecutionListener, org.springframework.boot.test.autoconfigure.web.servlet.MockMvcPrintOnlyOnFailureTestExecutionListener, org.springframework.boot.test.autoconfigure.web.servlet.WebDriverTestExecutionListener, org.springframework.boot.test.mock.mockito.MockitoTestExecutionListener, org.springframework.boot.test.mock.mockito.ResetMocksTestExecutionListener, org.springframework.test.context.web.ServletTestExecutionListener, org.springframework.test.context.support.DirtiesContextBeforeModesTestExecutionListener, org.springframework.test.context.support.DependencyInjectionTestExecutionListener, org.springframework.test.context.support.DirtiesContextTestExecutionListener, org.springframework.test.context.transaction.TransactionalTestExecutionListener, org.springframework.test.context.jdbc.SqlScriptsTestExecutionListener]
2019-06-28 23:12:04.862  INFO 18680 --- [    Test worker] .b.t.c.SpringBootTestContextBootstrapper : Using TestExecutionListeners: [org.springframework.test.context.support.DirtiesContextBeforeModesTestExecutionListener@13f3292c, org.springframework.boot.test.mock.mockito.MockitoTestExecutionListener@5f7ca433, org.springframework.boot.test.autoconfigure.SpringBootDependencyInjectionTestExecutionListener@cf3219a, org.springframework.test.context.support.DirtiesContextTestExecutionListener@497b05dc, org.springframework.boot.test.autoconfigure.restdocs.RestDocsTestExecutionListener@43cbff96, org.springframework.boot.test.autoconfigure.web.client.MockRestServiceServerResetTestExecutionListener@79ac96e0, org.springframework.boot.test.autoconfigure.web.servlet.MockMvcPrintOnlyOnFailureTestExecutionListener@6cc697be, org.springframework.boot.test.autoconfigure.web.servlet.WebDriverTestExecutionListener@7d023a1f, org.springframework.boot.test.mock.mockito.ResetMocksTestExecutionListener@61294d66]
]]></system-out>
  <system-err><![CDATA[]]></system-err>
</testsuite>
