<?xml version="1.0" encoding="UTF-8"?>
<testsuite name="com.kodilla.patterns2.aop.calculator.CalculatorTestSuite" tests="5" skipped="0" failures="0" errors="0" timestamp="2019-06-16T20:15:54" hostname="DESKTOP-F1GA1GH" time="0.097">
  <properties/>
  <testcase name="testAdd" classname="com.kodilla.patterns2.aop.calculator.CalculatorTestSuite" time="0.063"/>
  <testcase name="testDiv" classname="com.kodilla.patterns2.aop.calculator.CalculatorTestSuite" time="0.003"/>
  <testcase name="testMul" classname="com.kodilla.patterns2.aop.calculator.CalculatorTestSuite" time="0.005"/>
  <testcase name="testSub" classname="com.kodilla.patterns2.aop.calculator.CalculatorTestSuite" time="0.003"/>
  <testcase name="testFactorial" classname="com.kodilla.patterns2.aop.calculator.CalculatorTestSuite" time="0.017"/>
  <system-out><![CDATA[22:15:52.929 [Test worker] DEBUG org.springframework.test.context.junit4.SpringJUnit4ClassRunner - SpringJUnit4ClassRunner constructor called with [class com.kodilla.patterns2.aop.calculator.CalculatorTestSuite]
22:15:52.935 [Test worker] DEBUG org.springframework.test.context.BootstrapUtils - Instantiating CacheAwareContextLoaderDelegate from class [org.springframework.test.context.cache.DefaultCacheAwareContextLoaderDelegate]
22:15:52.943 [Test worker] DEBUG org.springframework.test.context.BootstrapUtils - Instantiating BootstrapContext using constructor [public org.springframework.test.context.support.DefaultBootstrapContext(java.lang.Class,org.springframework.test.context.CacheAwareContextLoaderDelegate)]
22:15:52.958 [Test worker] DEBUG org.springframework.test.context.BootstrapUtils - Instantiating TestContextBootstrapper for test class [com.kodilla.patterns2.aop.calculator.CalculatorTestSuite] from class [org.springframework.boot.test.context.SpringBootTestContextBootstrapper]
22:15:52.972 [Test worker] INFO org.springframework.boot.test.context.SpringBootTestContextBootstrapper - Neither @ContextConfiguration nor @ContextHierarchy found for test class [com.kodilla.patterns2.aop.calculator.CalculatorTestSuite], using SpringBootContextLoader
22:15:52.976 [Test worker] DEBUG org.springframework.test.context.support.AbstractContextLoader - Did not detect default resource location for test class [com.kodilla.patterns2.aop.calculator.CalculatorTestSuite]: class path resource [com/kodilla/patterns2/aop/calculator/CalculatorTestSuite-context.xml] does not exist
22:15:52.977 [Test worker] DEBUG org.springframework.test.context.support.AbstractContextLoader - Did not detect default resource location for test class [com.kodilla.patterns2.aop.calculator.CalculatorTestSuite]: class path resource [com/kodilla/patterns2/aop/calculator/CalculatorTestSuiteContext.groovy] does not exist
22:15:52.977 [Test worker] INFO org.springframework.test.context.support.AbstractContextLoader - Could not detect default resource locations for test class [com.kodilla.patterns2.aop.calculator.CalculatorTestSuite]: no resource found for suffixes {-context.xml, Context.groovy}.
22:15:52.978 [Test worker] INFO org.springframework.test.context.support.AnnotationConfigContextLoaderUtils - Could not detect default configuration classes for test class [com.kodilla.patterns2.aop.calculator.CalculatorTestSuite]: CalculatorTestSuite does not declare any static, non-private, non-final, nested classes annotated with @Configuration.
22:15:53.010 [Test worker] DEBUG org.springframework.test.context.support.ActiveProfilesUtils - Could not find an 'annotation declaring class' for annotation type [org.springframework.test.context.ActiveProfiles] and class [com.kodilla.patterns2.aop.calculator.CalculatorTestSuite]
22:15:53.020 [Test worker] DEBUG org.springframework.core.env.StandardEnvironment - Adding PropertySource 'systemProperties' with lowest search precedence
22:15:53.022 [Test worker] DEBUG org.springframework.core.env.StandardEnvironment - Adding PropertySource 'systemEnvironment' with lowest search precedence
22:15:53.022 [Test worker] DEBUG org.springframework.core.env.StandardEnvironment - Initialized StandardEnvironment with PropertySources [MapPropertySource@1790670021 {name='systemProperties', properties={java.runtime.name=Java(TM) SE Runtime Environment, sun.boot.library.path=C:\Program Files\Java\jdk1.8.0_191\jre\bin, java.vm.version=25.191-b12, java.vm.vendor=Oracle Corporation, java.vendor.url=http://java.oracle.com/, path.separator=;, java.vm.name=Java HotSpot(TM) 64-Bit Server VM, file.encoding.pkg=sun.io, user.script=, sun.java.launcher=SUN_STANDARD, user.country=PL, sun.os.patch.level=, java.vm.specification.name=Java Virtual Machine Specification, user.dir=C:\JavaProgram\Projects\kodilla-course\kodilla-patterns2, java.runtime.version=1.8.0_191-b12, java.awt.graphicsenv=sun.awt.Win32GraphicsEnvironment, java.endorsed.dirs=C:\Program Files\Java\jdk1.8.0_191\jre\lib\endorsed, os.arch=amd64, java.io.tmpdir=C:\Users\spiot\AppData\Local\Temp\, line.separator=
, java.vm.specification.vendor=Oracle Corporation, user.variant=, os.name=Windows 10, sun.jnu.encoding=Cp1250, java.library.path=C:\Program Files\Java\jdk1.8.0_191\bin;C:\WINDOWS\Sun\Java\bin;C:\WINDOWS\system32;C:\WINDOWS;C:\Program Files\Java\jdk1.8.0_191\bin;C:\Program Files (x86)\Intel\Intel(R) Management Engine Components\iCLS\;C:\Program Files\Intel\Intel(R) Management Engine Components\iCLS\;C:\Windows\system32;C:\Windows;C:\Windows\System32\Wbem;C:\Windows\System32\WindowsPowerShell\v1.0\;C:\Program Files (x86)\Intel\Intel(R) Management Engine Components\DAL;C:\Program Files\Intel\Intel(R) Management Engine Components\DAL;C:\Program Files (x86)\Intel\Intel(R) Management Engine Components\IPT;C:\Program Files\Intel\Intel(R) Management Engine Components\IPT;C:\WINDOWS\system32;C:\WINDOWS;C:\WINDOWS\System32\Wbem;C:\WINDOWS\System32\WindowsPowerShell\v1.0\;C:\WINDOWS\System32\OpenSSH\;C:\Program Files (x86)\NVIDIA Corporation\PhysX\Common;C:\Program Files\Git\cmd;C:\Program Files\Git\mingw64\bin;C:\Program Files\Git\usr\bin;C:\gradle-4.10.2\bin;C:\Program Files\Intel\WiFi\bin\;C:\Program Files\Common Files\Intel\WirelessCommon\;C:\Users\spiot\AppData\Local\Microsoft\WindowsApps;C:\Program Files\Intel\WiFi\bin\;C:\Program Files\Common Files\Intel\WirelessCommon\;C:\Program Files\heroku\bin;., java.specification.name=Java Platform API Specification, java.class.version=52.0, org.gradle.native=false, sun.management.compiler=HotSpot 64-Bit Tiered Compilers, os.version=10.0, user.home=C:\Users\spiot, user.timezone=Europe/Belgrade, java.awt.printerjob=sun.awt.windows.WPrinterJob, file.encoding=windows-1250, java.specification.version=1.8, java.class.path=C:\JavaProgram\Projects\kodilla-course\kodilla-patterns2\build\classes\java\test;C:\JavaProgram\Projects\kodilla-course\kodilla-patterns2\build\resources\test;C:\JavaProgram\Projects\kodilla-course\kodilla-patterns2\build\classes\java\main;C:\JavaProgram\Projects\kodilla-course\kodilla-patterns2\build\resources\main;C:\Users\spiot\.gradle\caches\modules-2\files-2.1\org.springframework.boot\spring-boot-starter-aop\1.5.19.RELEASE\660b6fef59da24e9494d268e527d9d95f7f28556\spring-boot-starter-aop-1.5.19.RELEASE.jar;C:\Users\spiot\.gradle\caches\modules-2\files-2.1\org.springframework.boot\spring-boot-starter\1.5.19.RELEASE\c93f91adc650e2dc122139cf93ed7814fec04830\spring-boot-starter-1.5.19.RELEASE.jar;C:\Users\spiot\.gradle\caches\modules-2\files-2.1\org.springframework.boot\spring-boot-starter-test\1.5.19.RELEASE\d06b6f71d88f4e7f7cafe4f9be6f73f783c0cb5e\spring-boot-starter-test-1.5.19.RELEASE.jar;C:\Users\spiot\.gradle\caches\modules-2\files-2.1\org.springframework.boot\spring-boot-test-autoconfigure\1.5.19.RELEASE\e3637f7857ef427222c67beb722ea833d3563763\spring-boot-test-autoconfigure-1.5.19.RELEASE.jar;C:\Users\spiot\.gradle\caches\modules-2\files-2.1\org.springframework.boot\spring-boot-autoconfigure\1.5.19.RELEASE\4e9a29d2eda96d2e2f135a315dfa55ae0d3484d4\spring-boot-autoconfigure-1.5.19.RELEASE.jar;C:\Users\spiot\.gradle\caches\modules-2\files-2.1\org.springframework.boot\spring-boot-test\1.5.19.RELEASE\b85d7ceb338de573bab5307f190d3db56328fb6b\spring-boot-test-1.5.19.RELEASE.jar;C:\Users\spiot\.gradle\caches\modules-2\files-2.1\org.springframework.boot\spring-boot\1.5.19.RELEASE\b2bf5c47a8653e5fbba05c022d99549948bf9665\spring-boot-1.5.19.RELEASE.jar;C:\Users\spiot\.gradle\caches\modules-2\files-2.1\org.springframework.boot\spring-boot-starter-logging\1.5.19.RELEASE\a9529ecfe4446aac782bf4bc3d05101eccfe0d12\spring-boot-starter-logging-1.5.19.RELEASE.jar;C:\Users\spiot\.gradle\caches\modules-2\files-2.1\org.springframework\spring-context\4.3.22.RELEASE\1edff23a32bb7b02ad258294688173672e671ada\spring-context-4.3.22.RELEASE.jar;C:\Users\spiot\.gradle\caches\modules-2\files-2.1\org.springframework\spring-aop\4.3.22.RELEASE\ad29b1de008c3398bfaa6e177f0675c47864aa1b\spring-aop-4.3.22.RELEASE.jar;C:\Users\spiot\.gradle\caches\modules-2\files-2.1\org.springframework\spring-test\4.3.22.RELEASE\51fe839060f1a8889a10acd5c35097b5a9f98592\spring-test-4.3.22.RELEASE.jar;C:\Users\spiot\.gradle\caches\modules-2\files-2.1\org.springframework\spring-beans\4.3.22.RELEASE\b996bdca37e04a9e875dd40db184df208a315356\spring-beans-4.3.22.RELEASE.jar;C:\Users\spiot\.gradle\caches\modules-2\files-2.1\org.springframework\spring-expression\4.3.22.RELEASE\314e4169b2559085f390b042ed14685877109b1e\spring-expression-4.3.22.RELEASE.jar;C:\Users\spiot\.gradle\caches\modules-2\files-2.1\org.springframework\spring-core\4.3.22.RELEASE\644c452cb43edf55f3cc8a1252a6e5a28316f42e\spring-core-4.3.22.RELEASE.jar;C:\Users\spiot\.gradle\caches\modules-2\files-2.1\org.yaml\snakeyaml\1.17\7a27ea250c5130b2922b86dea63cbb1cc10a660c\snakeyaml-1.17.jar;C:\Users\spiot\.gradle\caches\modules-2\files-2.1\org.aspectj\aspectjweaver\1.8.13\ad94df2a28d658a40dc27bbaff6a1ce5fbf04e9b\aspectjweaver-1.8.13.jar;C:\Users\spiot\.gradle\caches\modules-2\files-2.1\com.jayway.jsonpath\json-path\2.2.0\22290d17944bd239fabf5ac69005a60a7ecbbbcb\json-path-2.2.0.jar;C:\Users\spiot\.gradle\caches\modules-2\files-2.1\junit\junit\4.12\2973d150c0dc1fefe998f834810d68f278ea58ec\junit-4.12.jar;C:\Users\spiot\.gradle\caches\modules-2\files-2.1\org.assertj\assertj-core\2.6.0\b532c3fc4f66bcfee4989a3514f1cd56203a33ad\assertj-core-2.6.0.jar;C:\Users\spiot\.gradle\caches\modules-2\files-2.1\org.mockito\mockito-core\1.10.19\e8546f5bef4e061d8dd73895b4e8f40e3fe6effe\mockito-core-1.10.19.jar;C:\Users\spiot\.gradle\caches\modules-2\files-2.1\org.hamcrest\hamcrest-library\1.3\4785a3c21320980282f9f33d0d1264a69040538f\hamcrest-library-1.3.jar;C:\Users\spiot\.gradle\caches\modules-2\files-2.1\org.hamcrest\hamcrest-core\1.3\42a25dc3219429f0e5d060061f71acb49bf010a0\hamcrest-core-1.3.jar;C:\Users\spiot\.gradle\caches\modules-2\files-2.1\org.skyscreamer\jsonassert\1.4.0\9cdbb373a06f6513e51e8c545ee6a5e981463edb\jsonassert-1.4.0.jar;C:\Users\spiot\.gradle\caches\modules-2\files-2.1\ch.qos.logback\logback-classic\1.1.11\ccedfbacef4a6515d2983e3f89ed753d5d4fb665\logback-classic-1.1.11.jar;C:\Users\spiot\.gradle\caches\modules-2\files-2.1\org.slf4j\jcl-over-slf4j\1.7.25\f8c32b13ff142a513eeb5b6330b1588dcb2c0461\jcl-over-slf4j-1.7.25.jar;C:\Users\spiot\.gradle\caches\modules-2\files-2.1\org.slf4j\jul-to-slf4j\1.7.25\af5364cd6679bfffb114f0dec8a157aaa283b76\jul-to-slf4j-1.7.25.jar;C:\Users\spiot\.gradle\caches\modules-2\files-2.1\org.slf4j\log4j-over-slf4j\1.7.25\a87bb47468f47ee7aabbd54f93e133d4215769c3\log4j-over-slf4j-1.7.25.jar;C:\Users\spiot\.gradle\caches\modules-2\files-2.1\net.minidev\json-smart\2.2.1\5b9e5df7a62d1279b70dc882b041d249c4f0b002\json-smart-2.2.1.jar;C:\Users\spiot\.gradle\caches\modules-2\files-2.1\org.slf4j\slf4j-api\1.7.25\da76ca59f6a57ee3102f8f9bd9cee742973efa8a\slf4j-api-1.7.25.jar;C:\Users\spiot\.gradle\caches\modules-2\files-2.1\org.objenesis\objenesis\2.1\87c0ea803b69252868d09308b4618f766f135a96\objenesis-2.1.jar;C:\Users\spiot\.gradle\caches\modules-2\files-2.1\com.vaadin.external.google\android-json\0.0.20131108.vaadin1\fa26d351fe62a6a17f5cda1287c1c6110dec413f\android-json-0.0.20131108.vaadin1.jar;C:\Users\spiot\.gradle\caches\modules-2\files-2.1\ch.qos.logback\logback-core\1.1.11\88b8df40340eed549fb07e2613879bf6b006704d\logback-core-1.1.11.jar;C:\Users\spiot\.gradle\caches\modules-2\files-2.1\net.minidev\accessors-smart\1.1\a527213f2fea112a04c9bdf0ec0264e34104cd08\accessors-smart-1.1.jar;C:\Users\spiot\.gradle\caches\modules-2\files-2.1\org.ow2.asm\asm\5.0.3\dcc2193db20e19e1feca8b1240dbbc4e190824fa\asm-5.0.3.jar, user.name=spiot, java.vm.specification.version=1.8, sun.java.command=worker.org.gradle.process.internal.worker.GradleWorkerMain 'Gradle Test Executor 6', java.home=C:\Program Files\Java\jdk1.8.0_191\jre, sun.arch.data.model=64, user.language=pl, java.specification.vendor=Oracle Corporation, awt.toolkit=sun.awt.windows.WToolkit, java.vm.info=mixed mode, java.version=1.8.0_191, java.ext.dirs=C:\Program Files\Java\jdk1.8.0_191\jre\lib\ext;C:\WINDOWS\Sun\Java\lib\ext, sun.boot.class.path=C:\Program Files\Java\jdk1.8.0_191\jre\lib\resources.jar;C:\Program Files\Java\jdk1.8.0_191\jre\lib\rt.jar;C:\Program Files\Java\jdk1.8.0_191\jre\lib\sunrsasign.jar;C:\Program Files\Java\jdk1.8.0_191\jre\lib\jsse.jar;C:\Program Files\Java\jdk1.8.0_191\jre\lib\jce.jar;C:\Program Files\Java\jdk1.8.0_191\jre\lib\charsets.jar;C:\Program Files\Java\jdk1.8.0_191\jre\lib\jfr.jar;C:\Program Files\Java\jdk1.8.0_191\jre\classes, java.vendor=Oracle Corporation, org.gradle.test.worker=6, file.separator=\, java.vendor.url.bug=http://bugreport.sun.com/bugreport/, sun.io.unicode.encoding=UnicodeLittle, sun.cpu.endian=little, sun.desktop=windows, sun.cpu.isalist=amd64}}, SystemEnvironmentPropertySource@1297697916 {name='systemEnvironment', properties={USERDOMAIN_ROAMINGPROFILE=DESKTOP-F1GA1GH, PROCESSOR_LEVEL=6, SESSIONNAME=Console, ALLUSERSPROFILE=C:\ProgramData, PROCESSOR_ARCHITECTURE=AMD64, PSModulePath=C:\Program Files\WindowsPowerShell\Modules;C:\WINDOWS\system32\WindowsPowerShell\v1.0\Modules, SystemDrive=C:, DIRNAME=C:\JavaProgram\Projects\kodilla-course\, USERNAME=spiot, CMD_LINE_ARGS=build, ProgramFiles(x86)=C:\Program Files (x86), FPS_BROWSER_USER_PROFILE_STRING=Default, APP_HOME=C:\JavaProgram\Projects\kodilla-course\, PATHEXT=.COM;.EXE;.BAT;.CMD;.VBS;.VBE;.JS;.JSE;.WSF;.WSH;.MSC, DriverData=C:\Windows\System32\Drivers\DriverData, OneDriveConsumer=C:\Users\spiot\OneDrive, ProgramData=C:\ProgramData, ProgramW6432=C:\Program Files, HOMEPATH=\Users\spiot, PROCESSOR_IDENTIFIER=Intel64 Family 6 Model 158 Stepping 10, GenuineIntel, ProgramFiles=C:\Program Files, PUBLIC=C:\Users\Public, windir=C:\WINDOWS, =::=::\, MAIL_PASSWORD=golfik2005, _SKIP=2, LOCALAPPDATA=C:\Users\spiot\AppData\Local, USERDOMAIN=DESKTOP-F1GA1GH, FPS_BROWSER_APP_PROFILE_STRING=Internet Explorer, LOGONSERVER=\\DESKTOP-F1GA1GH, JAVA_HOME=C:\Program Files\Java\jdk1.8.0_191, PROMPT=$P$G, OneDrive=C:\Users\spiot\OneDrive, =C:=C:\JavaProgram\Projects\kodilla-course, APPDATA=C:\Users\spiot\AppData\Roaming, JAVA_EXE=C:\Program Files\Java\jdk1.8.0_191/bin/java.exe, CommonProgramFiles=C:\Program Files\Common Files, Path=C:\Program Files\Java\jdk1.8.0_191\bin;C:\Program Files (x86)\Intel\Intel(R) Management Engine Components\iCLS\;C:\Program Files\Intel\Intel(R) Management Engine Components\iCLS\;C:\Windows\system32;C:\Windows;C:\Windows\System32\Wbem;C:\Windows\System32\WindowsPowerShell\v1.0\;C:\Program Files (x86)\Intel\Intel(R) Management Engine Components\DAL;C:\Program Files\Intel\Intel(R) Management Engine Components\DAL;C:\Program Files (x86)\Intel\Intel(R) Management Engine Components\IPT;C:\Program Files\Intel\Intel(R) Management Engine Components\IPT;C:\WINDOWS\system32;C:\WINDOWS;C:\WINDOWS\System32\Wbem;C:\WINDOWS\System32\WindowsPowerShell\v1.0\;C:\WINDOWS\System32\OpenSSH\;C:\Program Files (x86)\NVIDIA Corporation\PhysX\Common;C:\Program Files\Git\cmd;C:\Program Files\Git\mingw64\bin;C:\Program Files\Git\usr\bin;C:\gradle-4.10.2\bin;C:\Program Files\Intel\WiFi\bin\;C:\Program Files\Common Files\Intel\WirelessCommon\;C:\Users\spiot\AppData\Local\Microsoft\WindowsApps;C:\Program Files\Intel\WiFi\bin\;C:\Program Files\Common Files\Intel\WirelessCommon\;C:\Program Files\heroku\bin, MAIL_USERNAME=spiotrek1985@gmail.com, OS=Windows_NT, COMPUTERNAME=DESKTOP-F1GA1GH, CATALINA_HOME=C:\apache-tomcat-9.0.17, PROCESSOR_REVISION=9e0a, CLASSPATH=C:\JavaProgram\Projects\kodilla-course\\gradle\wrapper\gradle-wrapper.jar, CommonProgramW6432=C:\Program Files\Common Files, ComSpec=C:\WINDOWS\system32\cmd.exe, APP_BASE_NAME=gradlew, SystemRoot=C:\WINDOWS, TEMP=C:\Users\spiot\AppData\Local\Temp, HOMEDRIVE=C:, USERPROFILE=C:\Users\spiot, TMP=C:\Users\spiot\AppData\Local\Temp, CommonProgramFiles(x86)=C:\Program Files (x86)\Common Files, NUMBER_OF_PROCESSORS=8}}]
22:15:53.037 [Test worker] DEBUG org.springframework.core.io.support.PathMatchingResourcePatternResolver - Resolved classpath location [com/kodilla/patterns2/aop/calculator/] to resources [URL [file:/C:/JavaProgram/Projects/kodilla-course/kodilla-patterns2/build/classes/java/test/com/kodilla/patterns2/aop/calculator/], URL [file:/C:/JavaProgram/Projects/kodilla-course/kodilla-patterns2/build/classes/java/main/com/kodilla/patterns2/aop/calculator/]]
22:15:53.037 [Test worker] DEBUG org.springframework.core.io.support.PathMatchingResourcePatternResolver - Looking for matching resources in directory tree [C:\JavaProgram\Projects\kodilla-course\kodilla-patterns2\build\classes\java\test\com\kodilla\patterns2\aop\calculator]
22:15:53.037 [Test worker] DEBUG org.springframework.core.io.support.PathMatchingResourcePatternResolver - Searching directory [C:\JavaProgram\Projects\kodilla-course\kodilla-patterns2\build\classes\java\test\com\kodilla\patterns2\aop\calculator] for files matching pattern [C:/JavaProgram/Projects/kodilla-course/kodilla-patterns2/build/classes/java/test/com/kodilla/patterns2/aop/calculator/*.class]
22:15:53.040 [Test worker] DEBUG org.springframework.core.io.support.PathMatchingResourcePatternResolver - Looking for matching resources in directory tree [C:\JavaProgram\Projects\kodilla-course\kodilla-patterns2\build\classes\java\main\com\kodilla\patterns2\aop\calculator]
22:15:53.041 [Test worker] DEBUG org.springframework.core.io.support.PathMatchingResourcePatternResolver - Searching directory [C:\JavaProgram\Projects\kodilla-course\kodilla-patterns2\build\classes\java\main\com\kodilla\patterns2\aop\calculator] for files matching pattern [C:/JavaProgram/Projects/kodilla-course/kodilla-patterns2/build/classes/java/main/com/kodilla/patterns2/aop/calculator/*.class]
22:15:53.043 [Test worker] DEBUG org.springframework.core.io.support.PathMatchingResourcePatternResolver - Resolved location pattern [classpath*:com/kodilla/patterns2/aop/calculator/*.class] to resources [file [C:\JavaProgram\Projects\kodilla-course\kodilla-patterns2\build\classes\java\test\com\kodilla\patterns2\aop\calculator\CalculatorTestSuite.class], file [C:\JavaProgram\Projects\kodilla-course\kodilla-patterns2\build\classes\java\main\com\kodilla\patterns2\aop\calculator\Calculator.class], file [C:\JavaProgram\Projects\kodilla-course\kodilla-patterns2\build\classes\java\main\com\kodilla\patterns2\aop\calculator\Watcher.class]]
22:15:53.066 [Test worker] DEBUG org.springframework.core.io.support.PathMatchingResourcePatternResolver - Resolved classpath location [com/kodilla/patterns2/aop/] to resources [URL [file:/C:/JavaProgram/Projects/kodilla-course/kodilla-patterns2/build/classes/java/test/com/kodilla/patterns2/aop/], URL [file:/C:/JavaProgram/Projects/kodilla-course/kodilla-patterns2/build/classes/java/main/com/kodilla/patterns2/aop/]]
22:15:53.066 [Test worker] DEBUG org.springframework.core.io.support.PathMatchingResourcePatternResolver - Looking for matching resources in directory tree [C:\JavaProgram\Projects\kodilla-course\kodilla-patterns2\build\classes\java\test\com\kodilla\patterns2\aop]
22:15:53.067 [Test worker] DEBUG org.springframework.core.io.support.PathMatchingResourcePatternResolver - Searching directory [C:\JavaProgram\Projects\kodilla-course\kodilla-patterns2\build\classes\java\test\com\kodilla\patterns2\aop] for files matching pattern [C:/JavaProgram/Projects/kodilla-course/kodilla-patterns2/build/classes/java/test/com/kodilla/patterns2/aop/*.class]
22:15:53.068 [Test worker] DEBUG org.springframework.core.io.support.PathMatchingResourcePatternResolver - Looking for matching resources in directory tree [C:\JavaProgram\Projects\kodilla-course\kodilla-patterns2\build\classes\java\main\com\kodilla\patterns2\aop]
22:15:53.068 [Test worker] DEBUG org.springframework.core.io.support.PathMatchingResourcePatternResolver - Searching directory [C:\JavaProgram\Projects\kodilla-course\kodilla-patterns2\build\classes\java\main\com\kodilla\patterns2\aop] for files matching pattern [C:/JavaProgram/Projects/kodilla-course/kodilla-patterns2/build/classes/java/main/com/kodilla/patterns2/aop/*.class]
22:15:53.069 [Test worker] DEBUG org.springframework.core.io.support.PathMatchingResourcePatternResolver - Resolved location pattern [classpath*:com/kodilla/patterns2/aop/*.class] to resources []
22:15:53.069 [Test worker] DEBUG org.springframework.core.io.support.PathMatchingResourcePatternResolver - Resolved classpath location [com/kodilla/patterns2/] to resources [URL [file:/C:/JavaProgram/Projects/kodilla-course/kodilla-patterns2/build/classes/java/test/com/kodilla/patterns2/], URL [file:/C:/JavaProgram/Projects/kodilla-course/kodilla-patterns2/build/classes/java/main/com/kodilla/patterns2/]]
22:15:53.070 [Test worker] DEBUG org.springframework.core.io.support.PathMatchingResourcePatternResolver - Looking for matching resources in directory tree [C:\JavaProgram\Projects\kodilla-course\kodilla-patterns2\build\classes\java\test\com\kodilla\patterns2]
22:15:53.070 [Test worker] DEBUG org.springframework.core.io.support.PathMatchingResourcePatternResolver - Searching directory [C:\JavaProgram\Projects\kodilla-course\kodilla-patterns2\build\classes\java\test\com\kodilla\patterns2] for files matching pattern [C:/JavaProgram/Projects/kodilla-course/kodilla-patterns2/build/classes/java/test/com/kodilla/patterns2/*.class]
22:15:53.071 [Test worker] DEBUG org.springframework.core.io.support.PathMatchingResourcePatternResolver - Looking for matching resources in directory tree [C:\JavaProgram\Projects\kodilla-course\kodilla-patterns2\build\classes\java\main\com\kodilla\patterns2]
22:15:53.072 [Test worker] DEBUG org.springframework.core.io.support.PathMatchingResourcePatternResolver - Searching directory [C:\JavaProgram\Projects\kodilla-course\kodilla-patterns2\build\classes\java\main\com\kodilla\patterns2] for files matching pattern [C:/JavaProgram/Projects/kodilla-course/kodilla-patterns2/build/classes/java/main/com/kodilla/patterns2/*.class]
22:15:53.073 [Test worker] DEBUG org.springframework.core.io.support.PathMatchingResourcePatternResolver - Resolved location pattern [classpath*:com/kodilla/patterns2/*.class] to resources [file [C:\JavaProgram\Projects\kodilla-course\kodilla-patterns2\build\classes\java\test\com\kodilla\patterns2\KodillaPatterns2ApplicationTests.class], file [C:\JavaProgram\Projects\kodilla-course\kodilla-patterns2\build\classes\java\main\com\kodilla\patterns2\KodillaPatterns2Application.class]]
22:15:53.100 [Test worker] DEBUG org.springframework.context.annotation.ClassPathScanningCandidateComponentProvider - Identified candidate component class: file [C:\JavaProgram\Projects\kodilla-course\kodilla-patterns2\build\classes\java\main\com\kodilla\patterns2\KodillaPatterns2Application.class]
22:15:53.101 [Test worker] INFO org.springframework.boot.test.context.SpringBootTestContextBootstrapper - Found @SpringBootConfiguration com.kodilla.patterns2.KodillaPatterns2Application for test class com.kodilla.patterns2.aop.calculator.CalculatorTestSuite
22:15:53.104 [Test worker] DEBUG org.springframework.boot.test.context.SpringBootTestContextBootstrapper - @TestExecutionListeners is not present for class [com.kodilla.patterns2.aop.calculator.CalculatorTestSuite]: using defaults.
22:15:53.108 [Test worker] INFO org.springframework.boot.test.context.SpringBootTestContextBootstrapper - Loaded default TestExecutionListener class names from location [META-INF/spring.factories]: [org.springframework.boot.test.autoconfigure.restdocs.RestDocsTestExecutionListener, org.springframework.boot.test.autoconfigure.web.client.MockRestServiceServerResetTestExecutionListener, org.springframework.boot.test.autoconfigure.web.servlet.MockMvcPrintOnlyOnFailureTestExecutionListener, org.springframework.boot.test.autoconfigure.web.servlet.WebDriverTestExecutionListener, org.springframework.boot.test.mock.mockito.MockitoTestExecutionListener, org.springframework.boot.test.mock.mockito.ResetMocksTestExecutionListener, org.springframework.test.context.web.ServletTestExecutionListener, org.springframework.test.context.support.DirtiesContextBeforeModesTestExecutionListener, org.springframework.test.context.support.DependencyInjectionTestExecutionListener, org.springframework.test.context.support.DirtiesContextTestExecutionListener, org.springframework.test.context.transaction.TransactionalTestExecutionListener, org.springframework.test.context.jdbc.SqlScriptsTestExecutionListener]
22:15:53.119 [Test worker] DEBUG org.springframework.boot.test.context.SpringBootTestContextBootstrapper - Could not instantiate TestExecutionListener [org.springframework.test.context.web.ServletTestExecutionListener]. Specify custom listener classes or make the default listener classes (and their required dependencies) available. Offending class: [javax/servlet/ServletContext]
22:15:53.120 [Test worker] DEBUG org.springframework.boot.test.context.SpringBootTestContextBootstrapper - Could not instantiate TestExecutionListener [org.springframework.test.context.transaction.TransactionalTestExecutionListener]. Specify custom listener classes or make the default listener classes (and their required dependencies) available. Offending class: [org/springframework/transaction/interceptor/TransactionAttributeSource]
22:15:53.121 [Test worker] DEBUG org.springframework.boot.test.context.SpringBootTestContextBootstrapper - Could not instantiate TestExecutionListener [org.springframework.test.context.jdbc.SqlScriptsTestExecutionListener]. Specify custom listener classes or make the default listener classes (and their required dependencies) available. Offending class: [org/springframework/transaction/interceptor/TransactionAttribute]
22:15:53.121 [Test worker] INFO org.springframework.boot.test.context.SpringBootTestContextBootstrapper - Using TestExecutionListeners: [org.springframework.test.context.support.DirtiesContextBeforeModesTestExecutionListener@27b46e1d, org.springframework.boot.test.mock.mockito.MockitoTestExecutionListener@6d508af3, org.springframework.boot.test.autoconfigure.SpringBootDependencyInjectionTestExecutionListener@7b060cec, org.springframework.test.context.support.DirtiesContextTestExecutionListener@311374f1, org.springframework.boot.test.autoconfigure.restdocs.RestDocsTestExecutionListener@35533048, org.springframework.boot.test.autoconfigure.web.client.MockRestServiceServerResetTestExecutionListener@5c3d3303, org.springframework.boot.test.autoconfigure.web.servlet.MockMvcPrintOnlyOnFailureTestExecutionListener@17972504, org.springframework.boot.test.autoconfigure.web.servlet.WebDriverTestExecutionListener@3d896ffb, org.springframework.boot.test.mock.mockito.ResetMocksTestExecutionListener@1174d972]
22:15:53.124 [Test worker] DEBUG org.springframework.test.annotation.ProfileValueUtils - Retrieved @ProfileValueSourceConfiguration [null] for test class [com.kodilla.patterns2.aop.calculator.CalculatorTestSuite]
22:15:53.125 [Test worker] DEBUG org.springframework.test.annotation.ProfileValueUtils - Retrieved ProfileValueSource type [class org.springframework.test.annotation.SystemProfileValueSource] for class [com.kodilla.patterns2.aop.calculator.CalculatorTestSuite]
22:15:53.125 [Test worker] DEBUG org.springframework.test.annotation.ProfileValueUtils - Retrieved @ProfileValueSourceConfiguration [null] for test class [com.kodilla.patterns2.aop.calculator.CalculatorTestSuite]
22:15:53.125 [Test worker] DEBUG org.springframework.test.annotation.ProfileValueUtils - Retrieved ProfileValueSource type [class org.springframework.test.annotation.SystemProfileValueSource] for class [com.kodilla.patterns2.aop.calculator.CalculatorTestSuite]
22:15:53.129 [Test worker] DEBUG org.springframework.test.context.support.AbstractDirtiesContextTestExecutionListener - Before test class: context [DefaultTestContext@30f6b1ed testClass = CalculatorTestSuite, testInstance = [null], testMethod = [null], testException = [null], mergedContextConfiguration = [MergedContextConfiguration@6debab45 testClass = CalculatorTestSuite, locations = '{}', classes = '{class com.kodilla.patterns2.KodillaPatterns2Application}', contextInitializerClasses = '[]', activeProfiles = '{}', propertySourceLocations = '{}', propertySourceProperties = '{org.springframework.boot.test.context.SpringBootTestContextBootstrapper=true}', contextCustomizers = set[org.springframework.boot.test.autoconfigure.properties.PropertyMappingContextCustomizer@0, org.springframework.boot.test.autoconfigure.web.servlet.WebDriverContextCustomizerFactory$Customizer@7314c580, org.springframework.boot.test.context.SpringBootTestContextCustomizer@52472505, org.springframework.boot.test.context.filter.ExcludeFilterContextCustomizer@388800f2, org.springframework.boot.test.json.DuplicateJsonObjectContextCustomizerFactory$DuplicateJsonObjectContextCustomizer@3fc2677d, org.springframework.boot.test.mock.mockito.MockitoContextCustomizer@0], contextLoader = 'org.springframework.boot.test.context.SpringBootContextLoader', parent = [null]]], class annotated with @DirtiesContext [false] with mode [null].
22:15:53.129 [Test worker] DEBUG org.springframework.test.annotation.ProfileValueUtils - Retrieved @ProfileValueSourceConfiguration [null] for test class [com.kodilla.patterns2.aop.calculator.CalculatorTestSuite]
22:15:53.129 [Test worker] DEBUG org.springframework.test.annotation.ProfileValueUtils - Retrieved ProfileValueSource type [class org.springframework.test.annotation.SystemProfileValueSource] for class [com.kodilla.patterns2.aop.calculator.CalculatorTestSuite]
22:15:53.131 [Test worker] DEBUG org.springframework.test.context.support.DependencyInjectionTestExecutionListener - Performing dependency injection for test context [[DefaultTestContext@30f6b1ed testClass = CalculatorTestSuite, testInstance = com.kodilla.patterns2.aop.calculator.CalculatorTestSuite@3b0cc94a, testMethod = [null], testException = [null], mergedContextConfiguration = [MergedContextConfiguration@6debab45 testClass = CalculatorTestSuite, locations = '{}', classes = '{class com.kodilla.patterns2.KodillaPatterns2Application}', contextInitializerClasses = '[]', activeProfiles = '{}', propertySourceLocations = '{}', propertySourceProperties = '{org.springframework.boot.test.context.SpringBootTestContextBootstrapper=true}', contextCustomizers = set[org.springframework.boot.test.autoconfigure.properties.PropertyMappingContextCustomizer@0, org.springframework.boot.test.autoconfigure.web.servlet.WebDriverContextCustomizerFactory$Customizer@7314c580, org.springframework.boot.test.context.SpringBootTestContextCustomizer@52472505, org.springframework.boot.test.context.filter.ExcludeFilterContextCustomizer@388800f2, org.springframework.boot.test.json.DuplicateJsonObjectContextCustomizerFactory$DuplicateJsonObjectContextCustomizer@3fc2677d, org.springframework.boot.test.mock.mockito.MockitoContextCustomizer@0], contextLoader = 'org.springframework.boot.test.context.SpringBootContextLoader', parent = [null]]]].
22:15:53.191 [Test worker] DEBUG org.springframework.core.env.StandardEnvironment - Adding PropertySource 'systemProperties' with lowest search precedence
22:15:53.191 [Test worker] DEBUG org.springframework.core.env.StandardEnvironment - Adding PropertySource 'systemEnvironment' with lowest search precedence
22:15:53.191 [Test worker] DEBUG org.springframework.core.env.StandardEnvironment - Initialized StandardEnvironment with PropertySources [MapPropertySource@136880195 {name='systemProperties', properties={java.runtime.name=Java(TM) SE Runtime Environment, sun.boot.library.path=C:\Program Files\Java\jdk1.8.0_191\jre\bin, java.vm.version=25.191-b12, java.vm.vendor=Oracle Corporation, java.vendor.url=http://java.oracle.com/, path.separator=;, java.vm.name=Java HotSpot(TM) 64-Bit Server VM, file.encoding.pkg=sun.io, user.script=, sun.java.launcher=SUN_STANDARD, user.country=PL, sun.os.patch.level=, java.vm.specification.name=Java Virtual Machine Specification, user.dir=C:\JavaProgram\Projects\kodilla-course\kodilla-patterns2, java.runtime.version=1.8.0_191-b12, java.awt.graphicsenv=sun.awt.Win32GraphicsEnvironment, java.endorsed.dirs=C:\Program Files\Java\jdk1.8.0_191\jre\lib\endorsed, os.arch=amd64, java.io.tmpdir=C:\Users\spiot\AppData\Local\Temp\, line.separator=
, java.vm.specification.vendor=Oracle Corporation, user.variant=, os.name=Windows 10, sun.jnu.encoding=Cp1250, java.library.path=C:\Program Files\Java\jdk1.8.0_191\bin;C:\WINDOWS\Sun\Java\bin;C:\WINDOWS\system32;C:\WINDOWS;C:\Program Files\Java\jdk1.8.0_191\bin;C:\Program Files (x86)\Intel\Intel(R) Management Engine Components\iCLS\;C:\Program Files\Intel\Intel(R) Management Engine Components\iCLS\;C:\Windows\system32;C:\Windows;C:\Windows\System32\Wbem;C:\Windows\System32\WindowsPowerShell\v1.0\;C:\Program Files (x86)\Intel\Intel(R) Management Engine Components\DAL;C:\Program Files\Intel\Intel(R) Management Engine Components\DAL;C:\Program Files (x86)\Intel\Intel(R) Management Engine Components\IPT;C:\Program Files\Intel\Intel(R) Management Engine Components\IPT;C:\WINDOWS\system32;C:\WINDOWS;C:\WINDOWS\System32\Wbem;C:\WINDOWS\System32\WindowsPowerShell\v1.0\;C:\WINDOWS\System32\OpenSSH\;C:\Program Files (x86)\NVIDIA Corporation\PhysX\Common;C:\Program Files\Git\cmd;C:\Program Files\Git\mingw64\bin;C:\Program Files\Git\usr\bin;C:\gradle-4.10.2\bin;C:\Program Files\Intel\WiFi\bin\;C:\Program Files\Common Files\Intel\WirelessCommon\;C:\Users\spiot\AppData\Local\Microsoft\WindowsApps;C:\Program Files\Intel\WiFi\bin\;C:\Program Files\Common Files\Intel\WirelessCommon\;C:\Program Files\heroku\bin;., java.specification.name=Java Platform API Specification, java.class.version=52.0, org.gradle.native=false, sun.management.compiler=HotSpot 64-Bit Tiered Compilers, os.version=10.0, user.home=C:\Users\spiot, user.timezone=Europe/Belgrade, java.awt.printerjob=sun.awt.windows.WPrinterJob, file.encoding=windows-1250, java.specification.version=1.8, java.class.path=C:\JavaProgram\Projects\kodilla-course\kodilla-patterns2\build\classes\java\test;C:\JavaProgram\Projects\kodilla-course\kodilla-patterns2\build\resources\test;C:\JavaProgram\Projects\kodilla-course\kodilla-patterns2\build\classes\java\main;C:\JavaProgram\Projects\kodilla-course\kodilla-patterns2\build\resources\main;C:\Users\spiot\.gradle\caches\modules-2\files-2.1\org.springframework.boot\spring-boot-starter-aop\1.5.19.RELEASE\660b6fef59da24e9494d268e527d9d95f7f28556\spring-boot-starter-aop-1.5.19.RELEASE.jar;C:\Users\spiot\.gradle\caches\modules-2\files-2.1\org.springframework.boot\spring-boot-starter\1.5.19.RELEASE\c93f91adc650e2dc122139cf93ed7814fec04830\spring-boot-starter-1.5.19.RELEASE.jar;C:\Users\spiot\.gradle\caches\modules-2\files-2.1\org.springframework.boot\spring-boot-starter-test\1.5.19.RELEASE\d06b6f71d88f4e7f7cafe4f9be6f73f783c0cb5e\spring-boot-starter-test-1.5.19.RELEASE.jar;C:\Users\spiot\.gradle\caches\modules-2\files-2.1\org.springframework.boot\spring-boot-test-autoconfigure\1.5.19.RELEASE\e3637f7857ef427222c67beb722ea833d3563763\spring-boot-test-autoconfigure-1.5.19.RELEASE.jar;C:\Users\spiot\.gradle\caches\modules-2\files-2.1\org.springframework.boot\spring-boot-autoconfigure\1.5.19.RELEASE\4e9a29d2eda96d2e2f135a315dfa55ae0d3484d4\spring-boot-autoconfigure-1.5.19.RELEASE.jar;C:\Users\spiot\.gradle\caches\modules-2\files-2.1\org.springframework.boot\spring-boot-test\1.5.19.RELEASE\b85d7ceb338de573bab5307f190d3db56328fb6b\spring-boot-test-1.5.19.RELEASE.jar;C:\Users\spiot\.gradle\caches\modules-2\files-2.1\org.springframework.boot\spring-boot\1.5.19.RELEASE\b2bf5c47a8653e5fbba05c022d99549948bf9665\spring-boot-1.5.19.RELEASE.jar;C:\Users\spiot\.gradle\caches\modules-2\files-2.1\org.springframework.boot\spring-boot-starter-logging\1.5.19.RELEASE\a9529ecfe4446aac782bf4bc3d05101eccfe0d12\spring-boot-starter-logging-1.5.19.RELEASE.jar;C:\Users\spiot\.gradle\caches\modules-2\files-2.1\org.springframework\spring-context\4.3.22.RELEASE\1edff23a32bb7b02ad258294688173672e671ada\spring-context-4.3.22.RELEASE.jar;C:\Users\spiot\.gradle\caches\modules-2\files-2.1\org.springframework\spring-aop\4.3.22.RELEASE\ad29b1de008c3398bfaa6e177f0675c47864aa1b\spring-aop-4.3.22.RELEASE.jar;C:\Users\spiot\.gradle\caches\modules-2\files-2.1\org.springframework\spring-test\4.3.22.RELEASE\51fe839060f1a8889a10acd5c35097b5a9f98592\spring-test-4.3.22.RELEASE.jar;C:\Users\spiot\.gradle\caches\modules-2\files-2.1\org.springframework\spring-beans\4.3.22.RELEASE\b996bdca37e04a9e875dd40db184df208a315356\spring-beans-4.3.22.RELEASE.jar;C:\Users\spiot\.gradle\caches\modules-2\files-2.1\org.springframework\spring-expression\4.3.22.RELEASE\314e4169b2559085f390b042ed14685877109b1e\spring-expression-4.3.22.RELEASE.jar;C:\Users\spiot\.gradle\caches\modules-2\files-2.1\org.springframework\spring-core\4.3.22.RELEASE\644c452cb43edf55f3cc8a1252a6e5a28316f42e\spring-core-4.3.22.RELEASE.jar;C:\Users\spiot\.gradle\caches\modules-2\files-2.1\org.yaml\snakeyaml\1.17\7a27ea250c5130b2922b86dea63cbb1cc10a660c\snakeyaml-1.17.jar;C:\Users\spiot\.gradle\caches\modules-2\files-2.1\org.aspectj\aspectjweaver\1.8.13\ad94df2a28d658a40dc27bbaff6a1ce5fbf04e9b\aspectjweaver-1.8.13.jar;C:\Users\spiot\.gradle\caches\modules-2\files-2.1\com.jayway.jsonpath\json-path\2.2.0\22290d17944bd239fabf5ac69005a60a7ecbbbcb\json-path-2.2.0.jar;C:\Users\spiot\.gradle\caches\modules-2\files-2.1\junit\junit\4.12\2973d150c0dc1fefe998f834810d68f278ea58ec\junit-4.12.jar;C:\Users\spiot\.gradle\caches\modules-2\files-2.1\org.assertj\assertj-core\2.6.0\b532c3fc4f66bcfee4989a3514f1cd56203a33ad\assertj-core-2.6.0.jar;C:\Users\spiot\.gradle\caches\modules-2\files-2.1\org.mockito\mockito-core\1.10.19\e8546f5bef4e061d8dd73895b4e8f40e3fe6effe\mockito-core-1.10.19.jar;C:\Users\spiot\.gradle\caches\modules-2\files-2.1\org.hamcrest\hamcrest-library\1.3\4785a3c21320980282f9f33d0d1264a69040538f\hamcrest-library-1.3.jar;C:\Users\spiot\.gradle\caches\modules-2\files-2.1\org.hamcrest\hamcrest-core\1.3\42a25dc3219429f0e5d060061f71acb49bf010a0\hamcrest-core-1.3.jar;C:\Users\spiot\.gradle\caches\modules-2\files-2.1\org.skyscreamer\jsonassert\1.4.0\9cdbb373a06f6513e51e8c545ee6a5e981463edb\jsonassert-1.4.0.jar;C:\Users\spiot\.gradle\caches\modules-2\files-2.1\ch.qos.logback\logback-classic\1.1.11\ccedfbacef4a6515d2983e3f89ed753d5d4fb665\logback-classic-1.1.11.jar;C:\Users\spiot\.gradle\caches\modules-2\files-2.1\org.slf4j\jcl-over-slf4j\1.7.25\f8c32b13ff142a513eeb5b6330b1588dcb2c0461\jcl-over-slf4j-1.7.25.jar;C:\Users\spiot\.gradle\caches\modules-2\files-2.1\org.slf4j\jul-to-slf4j\1.7.25\af5364cd6679bfffb114f0dec8a157aaa283b76\jul-to-slf4j-1.7.25.jar;C:\Users\spiot\.gradle\caches\modules-2\files-2.1\org.slf4j\log4j-over-slf4j\1.7.25\a87bb47468f47ee7aabbd54f93e133d4215769c3\log4j-over-slf4j-1.7.25.jar;C:\Users\spiot\.gradle\caches\modules-2\files-2.1\net.minidev\json-smart\2.2.1\5b9e5df7a62d1279b70dc882b041d249c4f0b002\json-smart-2.2.1.jar;C:\Users\spiot\.gradle\caches\modules-2\files-2.1\org.slf4j\slf4j-api\1.7.25\da76ca59f6a57ee3102f8f9bd9cee742973efa8a\slf4j-api-1.7.25.jar;C:\Users\spiot\.gradle\caches\modules-2\files-2.1\org.objenesis\objenesis\2.1\87c0ea803b69252868d09308b4618f766f135a96\objenesis-2.1.jar;C:\Users\spiot\.gradle\caches\modules-2\files-2.1\com.vaadin.external.google\android-json\0.0.20131108.vaadin1\fa26d351fe62a6a17f5cda1287c1c6110dec413f\android-json-0.0.20131108.vaadin1.jar;C:\Users\spiot\.gradle\caches\modules-2\files-2.1\ch.qos.logback\logback-core\1.1.11\88b8df40340eed549fb07e2613879bf6b006704d\logback-core-1.1.11.jar;C:\Users\spiot\.gradle\caches\modules-2\files-2.1\net.minidev\accessors-smart\1.1\a527213f2fea112a04c9bdf0ec0264e34104cd08\accessors-smart-1.1.jar;C:\Users\spiot\.gradle\caches\modules-2\files-2.1\org.ow2.asm\asm\5.0.3\dcc2193db20e19e1feca8b1240dbbc4e190824fa\asm-5.0.3.jar, user.name=spiot, java.vm.specification.version=1.8, sun.java.command=worker.org.gradle.process.internal.worker.GradleWorkerMain 'Gradle Test Executor 6', java.home=C:\Program Files\Java\jdk1.8.0_191\jre, sun.arch.data.model=64, user.language=pl, java.specification.vendor=Oracle Corporation, awt.toolkit=sun.awt.windows.WToolkit, java.vm.info=mixed mode, java.version=1.8.0_191, java.ext.dirs=C:\Program Files\Java\jdk1.8.0_191\jre\lib\ext;C:\WINDOWS\Sun\Java\lib\ext, sun.boot.class.path=C:\Program Files\Java\jdk1.8.0_191\jre\lib\resources.jar;C:\Program Files\Java\jdk1.8.0_191\jre\lib\rt.jar;C:\Program Files\Java\jdk1.8.0_191\jre\lib\sunrsasign.jar;C:\Program Files\Java\jdk1.8.0_191\jre\lib\jsse.jar;C:\Program Files\Java\jdk1.8.0_191\jre\lib\jce.jar;C:\Program Files\Java\jdk1.8.0_191\jre\lib\charsets.jar;C:\Program Files\Java\jdk1.8.0_191\jre\lib\jfr.jar;C:\Program Files\Java\jdk1.8.0_191\jre\classes, java.vendor=Oracle Corporation, org.gradle.test.worker=6, file.separator=\, java.vendor.url.bug=http://bugreport.sun.com/bugreport/, sun.io.unicode.encoding=UnicodeLittle, sun.cpu.endian=little, sun.desktop=windows, sun.cpu.isalist=amd64}}, SystemEnvironmentPropertySource@784071102 {name='systemEnvironment', properties={USERDOMAIN_ROAMINGPROFILE=DESKTOP-F1GA1GH, PROCESSOR_LEVEL=6, SESSIONNAME=Console, ALLUSERSPROFILE=C:\ProgramData, PROCESSOR_ARCHITECTURE=AMD64, PSModulePath=C:\Program Files\WindowsPowerShell\Modules;C:\WINDOWS\system32\WindowsPowerShell\v1.0\Modules, SystemDrive=C:, DIRNAME=C:\JavaProgram\Projects\kodilla-course\, USERNAME=spiot, CMD_LINE_ARGS=build, ProgramFiles(x86)=C:\Program Files (x86), FPS_BROWSER_USER_PROFILE_STRING=Default, APP_HOME=C:\JavaProgram\Projects\kodilla-course\, PATHEXT=.COM;.EXE;.BAT;.CMD;.VBS;.VBE;.JS;.JSE;.WSF;.WSH;.MSC, DriverData=C:\Windows\System32\Drivers\DriverData, OneDriveConsumer=C:\Users\spiot\OneDrive, ProgramData=C:\ProgramData, ProgramW6432=C:\Program Files, HOMEPATH=\Users\spiot, PROCESSOR_IDENTIFIER=Intel64 Family 6 Model 158 Stepping 10, GenuineIntel, ProgramFiles=C:\Program Files, PUBLIC=C:\Users\Public, windir=C:\WINDOWS, =::=::\, MAIL_PASSWORD=golfik2005, _SKIP=2, LOCALAPPDATA=C:\Users\spiot\AppData\Local, USERDOMAIN=DESKTOP-F1GA1GH, FPS_BROWSER_APP_PROFILE_STRING=Internet Explorer, LOGONSERVER=\\DESKTOP-F1GA1GH, JAVA_HOME=C:\Program Files\Java\jdk1.8.0_191, PROMPT=$P$G, OneDrive=C:\Users\spiot\OneDrive, =C:=C:\JavaProgram\Projects\kodilla-course, APPDATA=C:\Users\spiot\AppData\Roaming, JAVA_EXE=C:\Program Files\Java\jdk1.8.0_191/bin/java.exe, CommonProgramFiles=C:\Program Files\Common Files, Path=C:\Program Files\Java\jdk1.8.0_191\bin;C:\Program Files (x86)\Intel\Intel(R) Management Engine Components\iCLS\;C:\Program Files\Intel\Intel(R) Management Engine Components\iCLS\;C:\Windows\system32;C:\Windows;C:\Windows\System32\Wbem;C:\Windows\System32\WindowsPowerShell\v1.0\;C:\Program Files (x86)\Intel\Intel(R) Management Engine Components\DAL;C:\Program Files\Intel\Intel(R) Management Engine Components\DAL;C:\Program Files (x86)\Intel\Intel(R) Management Engine Components\IPT;C:\Program Files\Intel\Intel(R) Management Engine Components\IPT;C:\WINDOWS\system32;C:\WINDOWS;C:\WINDOWS\System32\Wbem;C:\WINDOWS\System32\WindowsPowerShell\v1.0\;C:\WINDOWS\System32\OpenSSH\;C:\Program Files (x86)\NVIDIA Corporation\PhysX\Common;C:\Program Files\Git\cmd;C:\Program Files\Git\mingw64\bin;C:\Program Files\Git\usr\bin;C:\gradle-4.10.2\bin;C:\Program Files\Intel\WiFi\bin\;C:\Program Files\Common Files\Intel\WirelessCommon\;C:\Users\spiot\AppData\Local\Microsoft\WindowsApps;C:\Program Files\Intel\WiFi\bin\;C:\Program Files\Common Files\Intel\WirelessCommon\;C:\Program Files\heroku\bin, MAIL_USERNAME=spiotrek1985@gmail.com, OS=Windows_NT, COMPUTERNAME=DESKTOP-F1GA1GH, CATALINA_HOME=C:\apache-tomcat-9.0.17, PROCESSOR_REVISION=9e0a, CLASSPATH=C:\JavaProgram\Projects\kodilla-course\\gradle\wrapper\gradle-wrapper.jar, CommonProgramW6432=C:\Program Files\Common Files, ComSpec=C:\WINDOWS\system32\cmd.exe, APP_BASE_NAME=gradlew, SystemRoot=C:\WINDOWS, TEMP=C:\Users\spiot\AppData\Local\Temp, HOMEDRIVE=C:, USERPROFILE=C:\Users\spiot, TMP=C:\Users\spiot\AppData\Local\Temp, CommonProgramFiles(x86)=C:\Program Files (x86)\Common Files, NUMBER_OF_PROCESSORS=8}}]
22:15:53.191 [Test worker] DEBUG org.springframework.core.env.MutablePropertySources - Adding PropertySource 'inline' with highest search precedence
22:15:53.191 [Test worker] DEBUG org.springframework.test.context.support.TestPropertySourceUtils - Adding inlined properties to environment: {spring.jmx.enabled=false, org.springframework.boot.test.context.SpringBootTestContextBootstrapper=true, server.port=-1}
22:15:53.191 [Test worker] DEBUG org.springframework.core.env.StandardEnvironment - Adding PropertySource 'Inlined Test Properties' with highest search precedence

  .   ____          _            __ _ _
 /\\ / ___'_ __ _ _(_)_ __  __ _ \ \ \ \
( ( )\___ | '_ | '_| | '_ \/ _` | \ \ \ \
 \\/  ___)| |_)| | | | | || (_| |  ) ) ) )
  '  |____| .__|_| |_|_| |_\__, | / / / /
 =========|_|==============|___/=/_/_/_/
 :: Spring Boot ::       (v1.5.19.RELEASE)

2019-06-16 22:15:53.441  INFO 16392 --- [    Test worker] c.k.p.a.calculator.CalculatorTestSuite   : Starting CalculatorTestSuite on DESKTOP-F1GA1GH with PID 16392 (started by spiot in C:\JavaProgram\Projects\kodilla-course\kodilla-patterns2)
2019-06-16 22:15:53.457  INFO 16392 --- [    Test worker] c.k.p.a.calculator.CalculatorTestSuite   : No active profile set, falling back to default profiles: default
2019-06-16 22:15:53.473  INFO 16392 --- [    Test worker] s.c.a.AnnotationConfigApplicationContext : Refreshing org.springframework.context.annotation.AnnotationConfigApplicationContext@2248e19e: startup date [Sun Jun 16 22:15:53 CEST 2019]; root of context hierarchy
2019-06-16 22:15:54.220  INFO 16392 --- [    Test worker] c.k.p.a.calculator.CalculatorTestSuite   : Started CalculatorTestSuite in 1.027 seconds (JVM running for 1.878)
2019-06-16 22:15:54.283  INFO 16392 --- [    Test worker] c.k.p.a.calculator.CalculatorTestSuite   : Testing add method
2019-06-16 22:15:54.290  INFO 16392 --- [    Test worker] c.k.p.a.calculator.CalculatorTestSuite   : Testing div method
2019-06-16 22:15:54.294  INFO 16392 --- [    Test worker] c.k.p.a.calculator.CalculatorTestSuite   : Testing mul method
2019-06-16 22:15:54.302  INFO 16392 --- [    Test worker] c.k.p.a.calculator.CalculatorTestSuite   : Testing sub method
2019-06-16 22:15:54.310  INFO 16392 --- [    Test worker] c.k.patterns2.aop.calculator.Watcher     : Class: com.kodilla.patterns2.aop.calculator.Calculator, Args: 1000
2019-06-16 22:15:54.314  INFO 16392 --- [    Test worker] c.k.p.a.calculator.CalculatorTestSuite   : Testing factorial method
402387260077093773543702433923003985719374864210714632543799910429938512398629020592044208486969404800479988610197196058631666872994808558901323829669944590997424504087073759918823627727188732519779505950995276120874975462497043601418278094646496291056393887437886487337119181045825783647849977012476632889835955735432513185323958463075557409114262417474349347553428646576611667797396668820291207379143853719588249808126867838374559731746136085379534524221586593201928090878297308431392844403281231558611036976801357304216168747609675871348312025478589320767169132448426236131412508780208000261683151027341827977704784635868170164365024153691398281264810213092761244896359928705114964975419909342221566832572080821333186116811553615836546984046708975602900950537616475847728421889679646244945160765353408198901385442487984959953319101723355556602139450399736280750137837615307127761926849034352625200015888535147331611702103968175921510907788019393178114194545257223865541461062892187960223838971476088506276862967146674697562911234082439208160153780889893964518263243671616762179168909779911903754031274622289988005195444414282012187361745992642956581746628302955570299024324153181617210465832036786906117260158783520751516284225540265170483304226143974286933061690897968482590125458327168226458066526769958652682272807075781391858178889652208164348344825993266043367660176999612831860788386150279465955131156552036093988180612138558600301435694527224206344631797460594682573103790084024432438465657245014402821885252470935190620929023136493273497565513958720559654228749774011413346962715422845862377387538230483865688976461927383814900140767310446640259899490222221765904339901886018566526485061799702356193897017860040811889729918311021171229845901641921068884387121855646124960798722908519296819372388642614839657382291123125024186649353143970137428531926649875337218940694281434118520158014123344828015051399694290153483077644569099073152433278288269864602789864321139083506217095002597389863554277196742822248757586765752344220207573630569498825087968928162753848863396909959826280956121450994871701244516461260379029309120889086942028510640182154399457156805941872748998094254742173582401063677404595741785160829230135358081840096996372524230560855903700624271243416909004153690105933983835777939410970027753472000000000000000000000000000000000000000000000000000000000000000000000000000000000000000000000000000000000000000000000000000000000000000000000000000000000000000000000000000000000000000000000000000000000000000000000000000000000000000000000000000000000
]]></system-out>
  <system-err><![CDATA[]]></system-err>
</testsuite>
