<?xml version="1.0" encoding="UTF-8"?>
<testsuite name="com.kodilla.patterns2.decorator.taxiportal.TaxiOrderTestSuite" tests="10" skipped="0" failures="0" errors="0" timestamp="2019-06-16T20:15:52" hostname="DESKTOP-F1GA1GH" time="0.01">
  <properties/>
  <testcase name="testVipTaxiWithChildSeatExpressGetCost" classname="com.kodilla.patterns2.decorator.taxiportal.TaxiOrderTestSuite" time="0.006"/>
  <testcase name="testUberWithTwoChildSeatGetCost" classname="com.kodilla.patterns2.decorator.taxiportal.TaxiOrderTestSuite" time="0.0"/>
  <testcase name="testMyTaxiWithChildSeatGetCost" classname="com.kodilla.patterns2.decorator.taxiportal.TaxiOrderTestSuite" time="0.0"/>
  <testcase name="testBasicTaxiOrderGetCost" classname="com.kodilla.patterns2.decorator.taxiportal.TaxiOrderTestSuite" time="0.0"/>
  <testcase name="testMyTaxiWithChildSeatGetDescription" classname="com.kodilla.patterns2.decorator.taxiportal.TaxiOrderTestSuite" time="0.001"/>
  <testcase name="testVipTaxiWithChildSeatExpressGetDescription" classname="com.kodilla.patterns2.decorator.taxiportal.TaxiOrderTestSuite" time="0.0"/>
  <testcase name="testTaxiNetworkGetDescription" classname="com.kodilla.patterns2.decorator.taxiportal.TaxiOrderTestSuite" time="0.0"/>
  <testcase name="testTaxiNetworkGetCost" classname="com.kodilla.patterns2.decorator.taxiportal.TaxiOrderTestSuite" time="0.0"/>
  <testcase name="testBasicTaxiOrderGetDescription" classname="com.kodilla.patterns2.decorator.taxiportal.TaxiOrderTestSuite" time="0.0"/>
  <testcase name="testUberWithTwoChildSeatGetDescription" classname="com.kodilla.patterns2.decorator.taxiportal.TaxiOrderTestSuite" time="0.0"/>
  <system-out><![CDATA[52
Drive a course by Taxi Network variant VIP + child seat
]]></system-out>
  <system-err><![CDATA[]]></system-err>
</testsuite>
