<?xml version="1.0" encoding="UTF-8"?>
<testsuite name="com.kodilla.patterns2.adapter.bookclassifier.MedianAdapterTestSuite" tests="1" skipped="0" failures="0" errors="0" timestamp="2019-06-16T20:15:52" hostname="DESKTOP-F1GA1GH" time="0.003">
  <properties/>
  <testcase name="publicationYearMedianTest" classname="com.kodilla.patterns2.adapter.bookclassifier.MedianAdapterTestSuite" time="0.003"/>
  <system-out><![CDATA[]]></system-out>
  <system-err><![CDATA[]]></system-err>
</testsuite>
