<?xml version="1.0" encoding="UTF-8"?>
<testsuite name="com.kodilla.patterns2.observer.homework.HomeWorkTestSuite" tests="1" skipped="0" failures="0" errors="0" timestamp="2019-06-16T20:15:54" hostname="DESKTOP-F1GA1GH" time="0.001">
  <properties/>
  <testcase name="registerTask" classname="com.kodilla.patterns2.observer.homework.HomeWorkTestSuite" time="0.001"/>
  <system-out><![CDATA[A new task on the Student-1 task list
(Total tasks: 1)
A new task on the Student-2 task list
(Total tasks: 1)
A new task on the Student-3 task list
(Total tasks: 1)
A new task on the Student-1 task list
(Total tasks: 2)
A new task on the Student-1 task list
(Total tasks: 3)
A new task on the Student-2 task list
(Total tasks: 2)
]]></system-out>
  <system-err><![CDATA[]]></system-err>
</testsuite>
