<?xml version="1.0" encoding="UTF-8"?>
<testsuite name="DbManagerTestSuite" tests="3" skipped="0" failures="0" errors="0" timestamp="2019-06-28T21:12:00" hostname="DESKTOP-F1GA1GH" time="0.264">
  <properties/>
  <testcase name="testSelectUsers" classname="DbManagerTestSuite" time="0.258"/>
  <testcase name="testConnect" classname="DbManagerTestSuite" time="0.0"/>
  <testcase name="testSelectUsersAndPosts" classname="DbManagerTestSuite" time="0.005"/>
  <system-out><![CDATA[1, John, Smith
2, Zachary, Lee
3, Stephanie, Kovalsky
4, Thomas, Landgren
5, John, Thomson
1, John, Smith
2, Zachary, Lee
]]></system-out>
  <system-err><![CDATA[]]></system-err>
</testsuite>
